<?xml version="1.0" encoding="UTF-8"?>
<testsuite xmlns:xsi="http://www.w3.org/2001/XMLSchema-instance" xsi:noNamespaceSchemaLocation="https://maven.apache.org/surefire/maven-surefire-plugin/xsd/surefire-test-report-3.0.xsd" version="3.0" name="com.espe.msvc.vehiculos.MsvcCursosApplicationTests" time="17.063" tests="1" errors="0" skipped="0" failures="0">
  <properties>
[...]
</properties>
  <testcase name="contextLoads" classname="com.espe.msvc.vehiculos.MsvcCursosApplicationTests" time="1.147">
    <system-out><![CDATA[20:26:04.788 [main] INFO org.springframework.test.context.support.AnnotationConfigContextLoaderUtils -- Could not detect default configuration classes for test class [com.espe.msvc.vehiculos.MsvcCursosApplicationTests]: MsvcCursosApplicationTests does not declare any static, non-private, non-final, nested classes annotated with @Configuration.
20:26:05.072 [main] INFO org.springframework.boot.test.context.SpringBootTestContextBootstrapper -- Found @SpringBootConfiguration com.espe.msvc.vehiculos.MsvcVehiculosApplication for test class com.espe.msvc.vehiculos.MsvcCursosApplicationTests
20:26:05.512 [main] INFO org.springframework.boot.devtools.restart.RestartApplicationListener -- Restart disabled due to context in which it is running

  .   ____          _            __ _ _
 /\\ / ___'_ __ _ _(_)_ __  __ _ \ \ \ \
( ( )\___ | '_ | '_| | '_ \/ _` | \ \ \ \
 \\/  ___)| |_)| | | | | || (_| |  ) ) ) )
  '  |____| .__|_| |_|_| |_\__, | / / / /
 =========|_|==============|___/=/_/_/_/

 :: Spring Boot ::                (v3.3.1)

2024-08-28T20:26:07.592-05:00  INFO 3028 --- [msvc-usuarios] [           main] c.e.m.v.MsvcCursosApplicationTests       : Starting MsvcCursosApplicationTests using Java 22.0.1 with PID 3028 (started by lilia in C:\GestionVehicular\app\msvc-vehiculos)
2024-08-28T20:26:07.596-05:00  INFO 3028 --- [msvc-usuarios] [           main] c.e.m.v.MsvcCursosApplicationTests       : No active profile set, falling back to 1 default profile: "default"
2024-08-28T20:26:10.041-05:00  INFO 3028 --- [msvc-usuarios] [           main] .s.d.r.c.RepositoryConfigurationDelegate : Bootstrapping Spring Data JPA repositories in DEFAULT mode.
2024-08-28T20:26:10.197-05:00  INFO 3028 --- [msvc-usuarios] [           main] .s.d.r.c.RepositoryConfigurationDelegate : Finished Spring Data repository scanning in 124 ms. Found 1 JPA repository interface.
2024-08-28T20:26:10.673-05:00  INFO 3028 --- [msvc-usuarios] [           main] o.s.cloud.context.scope.GenericScope     : BeanFactory id=635752ce-372a-3b62-bebd-54bef6270080
2024-08-28T20:26:11.590-05:00  INFO 3028 --- [msvc-usuarios] [           main] o.hibernate.jpa.internal.util.LogHelper  : HHH000204: Processing PersistenceUnitInfo [name: default]
2024-08-28T20:26:11.798-05:00  INFO 3028 --- [msvc-usuarios] [           main] org.hibernate.Version                    : HHH000412: Hibernate ORM core version 6.5.2.Final
2024-08-28T20:26:11.903-05:00  INFO 3028 --- [msvc-usuarios] [           main] o.h.c.internal.RegionFactoryInitiator    : HHH000026: Second-level cache disabled
2024-08-28T20:26:12.896-05:00  INFO 3028 --- [msvc-usuarios] [           main] o.s.o.j.p.SpringPersistenceUnitInfo      : No LoadTimeWeaver setup: ignoring JPA class transformer
2024-08-28T20:26:12.957-05:00  INFO 3028 --- [msvc-usuarios] [           main] com.zaxxer.hikari.HikariDataSource       : HikariPool-1 - Starting...
2024-08-28T20:26:13.914-05:00  INFO 3028 --- [msvc-usuarios] [           main] com.zaxxer.hikari.pool.HikariPool        : HikariPool-1 - Added connection com.mysql.cj.jdbc.ConnectionImpl@204b0f07
2024-08-28T20:26:13.920-05:00  INFO 3028 --- [msvc-usuarios] [           main] com.zaxxer.hikari.HikariDataSource       : HikariPool-1 - Start completed.
2024-08-28T20:26:16.681-05:00  INFO 3028 --- [msvc-usuarios] [           main] o.h.e.t.j.p.i.JtaPlatformInitiator       : HHH000489: No JTA platform available (set 'hibernate.transaction.jta.platform' to enable JTA platform integration)
2024-08-28T20:26:16.813-05:00  INFO 3028 --- [msvc-usuarios] [           main] j.LocalContainerEntityManagerFactoryBean : Initialized JPA EntityManagerFactory for persistence unit 'default'
2024-08-28T20:26:17.755-05:00  WARN 3028 --- [msvc-usuarios] [           main] JpaBaseConfiguration$JpaWebConfiguration : spring.jpa.open-in-view is enabled by default. Therefore, database queries may be performed during view rendering. Explicitly configure spring.jpa.open-in-view to disable this warning
2024-08-28T20:26:20.100-05:00  INFO 3028 --- [msvc-usuarios] [           main] o.s.cloud.commons.util.InetUtils         : Cannot determine local hostname
2024-08-28T20:26:20.190-05:00  INFO 3028 --- [msvc-usuarios] [           main] c.e.m.v.MsvcCursosApplicationTests       : Started MsvcCursosApplicationTests in 14.726 seconds (process running for 17.299)
]]></system-out>
    <system-err><![CDATA[WARNING: A Java agent has been loaded dynamically (C:\Users\lilia\.m2\repository\net\bytebuddy\byte-buddy-agent\1.14.17\byte-buddy-agent-1.14.17.jar)
WARNING: If a serviceability tool is in use, please run with -XX:+EnableDynamicAgentLoading to hide this warning
WARNING: If a serviceability tool is not in use, please run with -Djdk.instrument.traceUsage for more information
WARNING: Dynamic loading of agents will be disallowed by default in a future release
]]></system-err>
  </testcase>
</testsuite>